18:25:12 **** Incremental Build of configuration Debug for project TIMER0_T ****
make all 
Building file: ../APP/main.c
Invoking: AVR Compiler
avr-gcc -Wall -g2 -gstabs -O0 -fpack-struct -fshort-enums -ffunction-sections -fdata-sections -std=gnu99 -funsigned-char -funsigned-bitfields -mmcu=atmega32 -DF_CPU=8000000UL -MMD -MP -MF"APP/main.d" -MT"APP/main.o" -c -o "APP/main.o" "../APP/main.c"
Finished building: ../APP/main.c
 
Building target: TIMER0_T.elf
Invoking: AVR C Linker
avr-gcc -Wl,-Map,TIMER0_T.map -mmcu=atmega32 -o "TIMER0_T.elf"  ./MCAL/TIMER0/TIMER0.o  ./MCAL/DIO/DIO.o  ./MCAL/DELAY/DELAY.o  ./ECUAL/LED/LED.o  ./ECUAL/BTN/Button.o  ./APP/main.o   
Finished building target: TIMER0_T.elf
 
Invoking: AVR Create Extended Listing
avr-objdump -h -S TIMER0_T.elf  >"TIMER0_T.lss"
Finished building: TIMER0_T.lss
 
Create Flash image (ihex format)
avr-objcopy -R .eeprom -R .fuse -R .lock -R .signature -O ihex TIMER0_T.elf  "TIMER0_T.hex"
Finished building: TIMER0_T.hex
 
Create eeprom image (ihex format)
avr-objcopy -j .eeprom --no-change-warnings --change-section-lma .eeprom=0 -O ihex TIMER0_T.elf  "TIMER0_T.eep"
Finished building: TIMER0_T.eep
 
Invoking: Print Size
avr-size --format=avr --mcu=atmega32 TIMER0_T.elf
AVR Memory Usage
----------------
Device: atmega32

Program:    5578 bytes (17.0% Full)
(.text + .data + .bootloader)

Data:          8 bytes (0.4% Full)
(.data + .bss + .noinit)


Finished building: sizedummy
 

18:25:13 Build Finished (took 1s.100ms)

